10:59:37.070 [main] INFO  c.c.CDataApplication - [logStarting,50] - Starting CDataApplication on DESKTOP-LISTT1T with PID 8888 (C:\Users\apple\Desktop\rc\00-code\trunk\cData-admin\cdata-business\target\classes started by apple in C:\Users\apple\Desktop\rc\00-code\trunk\cData-admin\cdata-business)
10:59:37.079 [main] INFO  c.c.CDataApplication - [logStartupProfileInfo,652] - The following profiles are active: druid
10:59:41.283 [main] INFO  o.a.c.h.Http11NioProtocol - [log,173] - Initializing ProtocolHandler ["http-nio-8181"]
10:59:41.301 [main] INFO  o.a.c.c.StandardService - [log,173] - Starting service [Tomcat]
10:59:41.302 [main] INFO  o.a.c.c.StandardEngine - [log,173] - Starting Servlet engine: [Apache Tomcat/9.0.38]
10:59:41.464 [main] INFO  o.a.c.c.C.[.[.[/] - [log,173] - Initializing Spring embedded WebApplicationContext
10:59:47.849 [main] INFO  c.a.d.p.DruidDataSource - [init,985] - {dataSource-1} inited
10:59:48.331 [main] INFO  i.l.c.EpollProvider - [<clinit>,68] - Starting without optional epoll library
10:59:48.333 [main] INFO  i.l.c.KqueueProvider - [<clinit>,70] - Starting without optional kqueue library
10:59:53.884 [main] INFO  o.q.i.StdSchedulerFactory - [instantiate,1220] - Using default implementation for ThreadExecutor
10:59:53.902 [main] INFO  o.q.c.SchedulerSignalerImpl - [<init>,61] - Initialized Scheduler Signaller of type: class org.quartz.core.SchedulerSignalerImpl
10:59:53.903 [main] INFO  o.q.c.QuartzScheduler - [<init>,229] - Quartz Scheduler v.2.3.2 created.
10:59:53.911 [main] INFO  o.q.c.QuartzScheduler - [initialize,294] - Scheduler meta-data: Quartz Scheduler (v2.3.2) 'CboxScheduler' with instanceId 'DESKTOP-LISTT1T1637809193887'
  Scheduler class: 'org.quartz.core.QuartzScheduler' - running locally.
  NOT STARTED.
  Currently in standby mode.
  Number of jobs executed: 0
  Using thread pool 'org.quartz.simpl.SimpleThreadPool' - with 20 threads.
  Using job-store 'org.springframework.scheduling.quartz.LocalDataSourceJobStore' - which supports persistence. and is clustered.

10:59:53.911 [main] INFO  o.q.i.StdSchedulerFactory - [instantiate,1374] - Quartz scheduler 'CboxScheduler' initialized from an externally provided properties instance.
10:59:53.911 [main] INFO  o.q.i.StdSchedulerFactory - [instantiate,1378] - Quartz scheduler version: 2.3.2
10:59:53.913 [main] INFO  o.q.c.QuartzScheduler - [setJobFactory,2293] - JobFactory set to: org.springframework.scheduling.quartz.AdaptableJobFactory@77e5c765
11:00:01.744 [main] INFO  s.d.s.w.PropertySourcedRequestMappingHandlerMapping - [initHandlerMethods,69] - Mapped URL path [/v2/api-docs] onto method [public org.springframework.http.ResponseEntity<springfox.documentation.spring.web.json.Json> springfox.documentation.swagger2.web.Swagger2Controller.getDocumentation(java.lang.String,javax.servlet.http.HttpServletRequest)]
11:00:03.416 [main] INFO  s.d.s.w.p.DocumentationPluginsBootstrapper - [start,160] - Context refreshed
11:00:03.440 [main] INFO  s.d.s.w.p.DocumentationPluginsBootstrapper - [start,163] - Found 1 custom documentation plugin(s)
11:00:03.515 [main] INFO  s.d.s.w.s.ApiListingReferenceScanner - [scan,41] - Scanning for api listing references
11:00:03.705 [main] INFO  o.a.c.h.Http11NioProtocol - [log,173] - Starting ProtocolHandler ["http-nio-8181"]
11:00:03.737 [main] INFO  c.c.CDataApplication - [logStarted,59] - Started CDataApplication in 27.26 seconds (JVM running for 27.952)
11:00:04.908 [Quartz Scheduler [CboxScheduler]] INFO  o.q.c.QuartzScheduler - [start,547] - Scheduler CboxScheduler_$_DESKTOP-LISTT1T1637809193887 started.
